<?xml version="1.0" encoding="UTF-8"?>
<testng-results ignored="0" total="2" passed="2" failed="0" skipped="0">
  <reporter-output>
  </reporter-output>
  <suite started-at="2023-08-19T20:59:46 IST" name="FlipkartAutomationSuite" finished-at="2023-08-19T20:59:54 IST" duration-ms="8548">
    <groups>
    </groups>
    <test started-at="2023-08-19T20:59:46 IST" name="AutomationTest" finished-at="2023-08-19T20:59:54 IST" duration-ms="8548">
      <class name="com.qa.testscripts.Flipkart_Scenario_02">
        <test-method is-config="true" signature="setUp(java.lang.String)[pri:0, instance:com.qa.testscripts.Flipkart_Scenario_02@48aca48b]" started-at="2023-08-19T20:59:34 IST" name="setUp" finished-at="2023-08-19T20:59:46 IST" duration-ms="11843" status="PASS">
          <params>
            <param index="0">
              <value>
                <![CDATA[https://www.flipkart.com]]>
              </value>
            </param>
          </params>
          <reporter-output>
          </reporter-output>
        </test-method> <!-- setUp -->
        <test-method signature="verifyingLogo()[pri:1, instance:com.qa.testscripts.Flipkart_Scenario_02@48aca48b]" started-at="2023-08-19T20:59:46 IST" name="verifyingLogo" finished-at="2023-08-19T20:59:49 IST" duration-ms="2838" status="PASS">
          <reporter-output>
          </reporter-output>
        </test-method> <!-- verifyingLogo -->
        <test-method signature="searchItem()[pri:2, instance:com.qa.testscripts.Flipkart_Scenario_02@48aca48b]" started-at="2023-08-19T20:59:49 IST" name="searchItem" finished-at="2023-08-19T20:59:54 IST" duration-ms="5514" status="PASS">
          <reporter-output>
          </reporter-output>
        </test-method> <!-- searchItem -->
        <test-method is-config="true" signature="tearDown()[pri:0, instance:com.qa.testscripts.Flipkart_Scenario_02@48aca48b]" started-at="2023-08-19T20:59:54 IST" name="tearDown" finished-at="2023-08-19T20:59:55 IST" duration-ms="545" status="PASS">
          <reporter-output>
          </reporter-output>
        </test-method> <!-- tearDown -->
      </class> <!-- com.qa.testscripts.Flipkart_Scenario_02 -->
    </test> <!-- AutomationTest -->
  </suite> <!-- FlipkartAutomationSuite -->
</testng-results>
